C51 COMPILER V9.59.0.0   MAIN                                                              04/07/2025 10:07:57 PAGE 1   


C51 COMPILER V9.59.0.0, COMPILATION OF MODULE MAIN
OBJECT MODULE PLACED IN .\Objects\main.obj
COMPILER INVOKED BY: D:\Keil_v5\C51\BIN\C51.EXE main.c OPTIMIZE(8,SPEED) BROWSE DEBUG OBJECTEXTEND PRINT(.\Listings\main
                    -.lst) TABS(2) OBJECT(.\Objects\main.obj)

line level    source

   1          #include <REGX52.H>
   2          #include "Delay.h"
   3          #include "UART.h"
   4          
   5          void main()
   6          {
   7   1        UART_Init();    //串口初始化
   8   1        while(1)
   9   1        {
  10   2          
  11   2        }
  12   1      }
  13          
  14          void UART_Routine() interrupt 4
  15          {
  16   1        if(RI==1)         //如果接收标志位为1，接收到了数据
  17   1        {
  18   2          P2=~SBUF;       //读取数据，取反后输出到LED
  19   2          UART_SendByte(SBUF);  //将受到的数据发回串口
  20   2          RI=0;         //接收标志位清0
  21   2        }
  22   1      }


MODULE INFORMATION:   STATIC OVERLAYABLE
   CODE SIZE        =     76    ----
   CONSTANT SIZE    =   ----    ----
   XDATA SIZE       =   ----    ----
   PDATA SIZE       =   ----    ----
   DATA SIZE        =   ----    ----
   IDATA SIZE       =   ----    ----
   BIT SIZE         =   ----    ----
END OF MODULE INFORMATION.


C51 COMPILATION COMPLETE.  0 WARNING(S),  0 ERROR(S)
