C51 COMPILER V9.59.0.0   XPT2046                                                           04/07/2025 11:03:23 PAGE 1   


C51 COMPILER V9.59.0.0, COMPILATION OF MODULE XPT2046
OBJECT MODULE PLACED IN .\Objects\XPT2046.obj
COMPILER INVOKED BY: D:\Keil_v5\C51\BIN\C51.EXE XPT2046.c OPTIMIZE(8,SPEED) BROWSE DEBUG OBJECTEXTEND PRINT(.\Listings\X
                    -PT2046.lst) TABS(2) OBJECT(.\Objects\XPT2046.obj)

line level    source

   1          //XPT2046是​电阻触摸屏控制，专为驱动4线电阻触摸屏设计，通过检测屏幕按压点
             -的电压变化，计算触点坐标（X/Y轴）。
   2          ​//内置12位模数转换器（ADC），提供高精度的坐标测量（分辨率可达4096级）。
*** ERROR C100 IN LINE 2 OF XPT2046.c: unprintable character 0xE2 skipped
*** ERROR C100 IN LINE 2 OF XPT2046.c: unprintable character 0x80 skipped
*** ERROR C100 IN LINE 2 OF XPT2046.c: unprintable character 0x8B skipped
   3          
   4          #include <REGX52.H>
   5          #include <INTRINS.H>
   6          
   7          //引脚定义
   8          sbit XPY2046_DIN=P3^4;
   9          sbit XPY2046_CS=P3^5;
  10          sbit XPY2046_DCLK=P3^6;
  11          sbit XPY2046_DOUT=P3^7;
  12          
  13          /**
  14            * @brief  ZPT2046读取AD值
  15            * @param  Command 命令字，范围：头文件内定义的宏，结尾的数字表示转换的位数
  16            * @retval AD转换后的数字量，范围：8位为0~255，12位为0~4095
  17            */
  18          unsigned int XPT2046_ReadAD(unsigned char Command)
  19          {
  20   1        unsigned char i;
  21   1        unsigned int Data=0;
  22   1        XPY2046_DCLK=0;
  23   1        XPY2046_CS=0;
  24   1        for(i=0;i<8;i++)
  25   1        {
  26   2          XPY2046_DIN=Command&(0x80>>i);
  27   2          XPY2046_DCLK=1;
  28   2          XPY2046_DCLK=0;
  29   2        }
  30   1        for(i=0;i<16;i++)
  31   1        {
  32   2          XPY2046_DCLK=1;
  33   2          XPY2046_DCLK=0;
  34   2          if(XPY2046_DOUT){Data|=(0x8000>>i);}
  35   2        }
  36   1        XPY2046_CS=1;
  37   1        return Data>>8;
  38   1      }

C51 COMPILATION COMPLETE.  0 WARNING(S),  3 ERROR(S)
