C51 COMPILER V9.59.0.0   MAIN                                                              05/01/2025 14:31:57 PAGE 1   


C51 COMPILER V9.59.0.0, COMPILATION OF MODULE MAIN
OBJECT MODULE PLACED IN .\Objects\main.obj
COMPILER INVOKED BY: D:\Keil_v5\C51\BIN\C51.EXE main.c OPTIMIZE(8,SPEED) BROWSE DEBUG OBJECTEXTEND PRINT(.\Listings\main
                    -.lst) TABS(2) OBJECT(.\Objects\main.obj)

line level    source

   1          //点亮LED
   2          //LED在P1，低电平亮
   3          //P1电平高低直接由寄存器的值1/0控制
   4          
   5          #include <REGX52.H> //寄存器地址宏定义头文件
   6          
   7          void main()
   8          {
   9   1        P1_2=0;
  10   1        P1_3=0;
  11   1        while(1)
  12   1        {
  13   2          
  14   2        }
  15   1      }


MODULE INFORMATION:   STATIC OVERLAYABLE
   CODE SIZE        =      6    ----
   CONSTANT SIZE    =   ----    ----
   XDATA SIZE       =   ----    ----
   PDATA SIZE       =   ----    ----
   DATA SIZE        =   ----    ----
   IDATA SIZE       =   ----    ----
   BIT SIZE         =   ----    ----
END OF MODULE INFORMATION.


C51 COMPILATION COMPLETE.  0 WARNING(S),  0 ERROR(S)
